0 info it worked if it ends with ok
1 verbose cli [ '/usr/local/bin/node',
1 verbose cli   '/usr/local/bin/npm',
1 verbose cli   'run',
1 verbose cli   'start-server' ]
2 info using npm@3.3.6
3 info using node@v5.0.0
4 verbose run-script [ 'prestart-server', 'start-server', 'poststart-server' ]
5 info lifecycle overreact@1.0.0~prestart-server: overreact@1.0.0
6 silly lifecycle overreact@1.0.0~prestart-server: no script for prestart-server, continuing
7 info lifecycle overreact@1.0.0~start-server: overreact@1.0.0
8 verbose lifecycle overreact@1.0.0~start-server: unsafe-perm in lifecycle true
9 verbose lifecycle overreact@1.0.0~start-server: PATH: /usr/local/lib/node_modules/npm/bin/node-gyp-bin:/Users/bgrober/Codesmith/OverReact/node_modules/.bin:/usr/local/bin:/usr/bin:/bin:/usr/sbin:/sbin
10 verbose lifecycle overreact@1.0.0~start-server: CWD: /Users/bgrober/Codesmith/OverReact
11 silly lifecycle overreact@1.0.0~start-server: Args: [ '-c', 'node server/server.js' ]
12 silly lifecycle overreact@1.0.0~start-server: Returned: code: 1  signal: null
13 info lifecycle overreact@1.0.0~start-server: Failed to exec start-server script
14 verbose stack Error: overreact@1.0.0 start-server: `node server/server.js`
14 verbose stack Exit status 1
14 verbose stack     at EventEmitter.<anonymous> (/usr/local/lib/node_modules/npm/lib/utils/lifecycle.js:233:16)
14 verbose stack     at emitTwo (events.js:87:13)
14 verbose stack     at EventEmitter.emit (events.js:172:7)
14 verbose stack     at ChildProcess.<anonymous> (/usr/local/lib/node_modules/npm/lib/utils/spawn.js:24:14)
14 verbose stack     at emitTwo (events.js:87:13)
14 verbose stack     at ChildProcess.emit (events.js:172:7)
14 verbose stack     at maybeClose (internal/child_process.js:818:16)
14 verbose stack     at Process.ChildProcess._handle.onexit (internal/child_process.js:211:5)
15 verbose pkgid overreact@1.0.0
16 verbose cwd /Users/bgrober/Codesmith/OverReact
17 error Darwin 14.5.0
18 error argv "/usr/local/bin/node" "/usr/local/bin/npm" "run" "start-server"
19 error node v5.0.0
20 error npm  v3.3.6
21 error code ELIFECYCLE
22 error overreact@1.0.0 start-server: `node server/server.js`
22 error Exit status 1
23 error Failed at the overreact@1.0.0 start-server script 'node server/server.js'.
23 error This is most likely a problem with the overreact package,
23 error not with npm itself.
23 error Tell the author that this fails on your system:
23 error     node server/server.js
23 error You can get their info via:
23 error     npm owner ls overreact
23 error There is likely additional logging output above.
24 verbose exit [ 1, true ]
